[    0.000] Inialzingcgoup subyspuse
   0.00000 Iitialzi cgrupubsys cp
    00000] Initaling cgroup subsys cpuacct
[    0.000] Liuxverion 44.-104-generic (buildd@lgw01-amd64-022) (gcc version 5.4.0 20160609 (Ubuntu 5.4.0-6ubuntu1~16.04.5) ) #127-Ubuntu SMP Mon Dec 11 12:16:42 UTC 2017 (Ubunu 4..010.127enric 4.8)
[   00000 Cmmanlie:BO_IMAGE=/oot/vmlinuz-4..0-04-gnec root=UIee827e1-8636-41fb-9829-982477f6eec r cnsletty1onole=yS
[   .00000]ERELsuorted cpus
   0.000000]   Intel GenuineIntel[   0.00000]   AMD AuthenticAMD
[    0.000000]   Centaur Centauraus
  0.00000x86/puxsta_ofs[2:  5, stteizes]: 256
  0.000000x8/fpu: uprting XSAVE feature 0x0 'x8floainpoint registers'
[    0.0000 x86pu SpporngXSVEfetue 02: 'SSE rgiers'
[  0000000] x6/fpu: Supporting XSAVE feature 0x04: AV regsts'
    .00000x86/u:Enabedstateeauresx7 cote sze is 832byes, sig stanrd form.
[   .0000]x86/u:Usg lazyFP contt witches.
[    0.000000] e820: BIOS-provided physical RAM map:
[    0.000000] BI-e20:[mm 0x0000000000000x0000009fff] ubl
[  00000] IO-e0: [m 0000000009fc000x0000000fff rsered[    0.000000]] BIO-e0: [mem 0x00000000000f0000-0000000000fff] reseed
[   .00000 BOS-e20 [em 0x000000010000-0x0000003efff uble
[    0.000000] BIOS-e820 [mm x000000003fff0000-0x000000003ffffff] PIdata
[  0000000] BIS-20 [mem 0x000000fffc000x0000000ffffff] resered
[    0.000] NX Exute Disable) prteio: atie
[   .0000 SBIOS.5pren.
  0.0000] pervir etecd: KM
[  00000]820:la_pfn  0fff0 axarh_pn =0x00000
[   00000] RR: Dsaed
[    .00000] x8PA: TR dsabled, skipping PAT initialization too.
[    0.000000] CPU MTRRs all blank - virtualized system.
[    0.000000] x86/PAT: Configuration [0-7]: WB  WT  UC- UC  WB  WT  UC- UC  
[    0.000000] found SMP MP-table at [mem 0x0009fff0-0x0009ffff] mapped at [ffff88000009fff0]
[    0.000000] Scanning 1 areas for low memory corruption
[    0.000000] RAMDISK: [mem 0x36234000-0x37111fff]
[    0.000000] ACPI: Early table checksum verification disable
[   00000] PI: DP0x00000000E00 0002(v2 VBO )
[  0000000ACI: DT 0x000000003FFF030 0000 (01 VBOX  VBOXXST 000001AS  00001)
[    0000] CPI:FAP x000000FFF00 000F4 (04BOX VBXFACP 00000001 ASL  00000061)
[    0.000000] ACP: SD0x000003FF047000EB (v VOX  VBBIOS 00002 INTL 21052)
[   0.0000] AC: AC 0000000FFF0200 00040[   000000 API: FS x000000003F000 000040
[  0000000] AI: AICx000003FFF400000C 02 VBOX   VBOXAPIC 00000001 ASL  00000061)
[    0.000000] ACPI: SSDT 0x000000003FFF02A0 0001CC (v01 VBOX   VBOXCPUT 00000002 INTL 20100528)
[    0.00000]  NUM cfiguraonfond
[  .00000] king noe a [m 0x000000000000x000000ffeff]
   0.00000NODE_TA0) llatd [mem 0x3ffeb000-0x3ffeffff]
[    0.000000] kvm-clock: Using msrs 4b564d01 and 4b564d00
[[    0.000000] kvm-clock: cpu 0, msr 0:3ffe3001, primary cpu clock
[    0.000000] km-ock: in sched offset of 3718802488 cycles
[    0.000000] clocksource: kvm-clck: mask: 0xffffffffffffffff max_cycles: 0x1cd42e4dffb, max_idle_ns: 881590591483 ns
[    0.000000] Zone ranges:
[    0.000000]   DMA      [mem 0x0000000000001000-0x0000000000ffffff]
[    0.000000]   DMA32    [mem 0x0000000001000000-0x000000003ffeffff]
[    0.000000]   Normal   empty
[    0.000000]   Device   empty
[    0.000000] Movable zone start for each node
[    0.000000] Early memory node ranges
[    0.000000]   node   0: [mem 0x0000000000001000-0x000000000009efff]
[    0.000000]   node   0: [mem 0x0000000000100000-0x000000003ffeffff]
[    0.000000] Initmem setup node 0 [mem 0x0000000000001000-0x000000003ffeffff]
[   0.000] ACI:M-Timr  Port 0408[   0.0000 IOAIC]: ac_d 2,veion 7,adres fe00000 GI -2
   0.000]ACPI:NTSRCOV(bs 0 bus_irq 0 global_irq df df
   00000] AI:INTSROV (bu0 us_irq 9 global_irq 9 high level)
[    0.000000] Using ACPI (MADT) for SMP configuration information
[    0.000000] smpboot: Allowing 2 CPUs, 0 hotplug CPUs
[    0.000000] PM: Registered nosave memory: [mem 0x00000000-0x00000fff]
[    0.000000] PM: Registered nosave memory: [mem 0x0009f000-0x0009ffff]
[    0.000000] PM: Registered nosave memory: [mem 0x000a0000-0x000effff]
[    0.000000] PM: Registered nosave memory: [memm 00f00000x00ff]
[   0000000] e80:[mem 0x40000000-ffbff]avaiab forCIdeves
[    .0000] Booting arirtualized kerl n KVM
[  0000000clcksource: rene-jiffies:as: 0xfffff ax_cyle 0xfffff, max_idle_ns: 7645519600211568 ns
[    0.000000] setup_percpu: NRCP:512 nrpuask_its51 nr_puds:2 nrnoe_ids1
[  .00000 PERPUEmbeed33pas/cpufff88003c000 s20 r81 d876 108576[    0.00000PV qinock hshtaleenries: 56 (orde:  4096 bytes)
[   0000000 Blt1 zoniss in Node oer moliy grouping on. Total pages: 257913
[   .000] liy zon: A32    00000] Krnl omma lne:BOT_MAE=/bot/vmlinuz-4.4.0-104-generic root=UUID=ee8827e1-8636-41fb-9829-982477f6eec9 ro console=tty1 console=ttyS0
[    0.000000] PID hash table entries: 4096 (order: 3, 32768 bytes)
[    0.000000] Memory: 997348K/1048120K available (8485K kernel code, 1295K rwdata, 3988K rodata, 1492K init, 1316K bss, 50772K reserved, 0K cma-reserved)
[    0.000000] SLUB: HWalign=64, Order=0-3, MinObjects=0, CPUs=2, Nodes=1
[    0.000000] Hierarchical RCU implementation.
[    0.000000] 	Build-time adjustment of leaf fanout to 64.
[    0.000000] 	RCU restricting CPUs from NR_CPUS=512 to nr_cpu_ids=2.
[    0.000000] RCU: Adjusting geometry for rcu_fanout_leaf=64, nr_cpu_ids=2
[    0.000000] NR_IRQS:33024 nr_irqs:440 16
[    0.000000] Console: colour VGA+ 80x25
[    0.000000] console [tty1] enabled
[    0.000000] console [ttyS0] enabled
[    0.000000] tsc: Detected 2594.124 MHz processor
[   15.257015] Calibrating delay loop (skipped) preset value.. 5188.24 BogoMIPS (lpj=10376496)
[   15.448052] pid_max: default: 32768 minimum: 301
[   15.538971] ACPI: Core revision 20150930
[   15.606816] ACPI: 2 ACPI AML tables successfully acquired and loaded
[   15.637109] Security Framework initialized
[   15.640816] Yama: becoming mindful.
[   15.667464] AppArmor: AppArmor initialized
[   15.763058] Dentry cache hash table entries: 131072 (order: 8, 1048576 bytes)
[   15.823384] Inode-cache hash table entries: 65536 (order: 7, 524288 bytes)
[   15.918825] Mount-cache hash table entries: 2048 (order: 2, 16384 bytes)
[   16.012593] Mountpoint-cache hash table entries: 2048 (order: 2, 16384 bytes)
[   16.171365] Initializing cgroup subsys io
[   16.231522] Initializing cgroup subsys memory
[   16.281066] Initializing cgroup subsys devices
[   16.339570] Initializing cgroup subsys freezer
[   16.349379] Initializing cgroup subsys net_cls
[   16.408101] Initializing cgroup subsys perf_event
[   16.520923] Initializing cgroup subsys net_prio
[   16.612526] Initializing cgroup subsys hugetlb
[   16.687123] Initializing cgroup subsys pids
[   16.756197] CPU: Physical Processor ID: 0
[   16.811097] CPU: Processor Core ID: 0
[   16.885947] mce: CPU supports 0 MCE banks
[   16.963177] Last level iTLB entries: 4KB 512, 2MB 8, 4MB 8
[   17.037188] Last level dTLB entries: 4KB 512, 2MB 32, 4MB 32, 1GB 0
[   17.150145] Freeing SMP alternatives memory: 32K
[   17.250117] ftrace: allocating 32158 entries in 126 pages
[   17.398166] smpboot: APIC(0) Converting physical 0 to logical package 0
[   17.533786] smpboot: Max logical packages: 1
[   17.608564] ..TIMER: vector=0x30 apic1=0 pin1=2 apic2=-1 pin2=-1
[   17.810892] smpboot: CPU0: Intel(R) Core(TM) i5-3230M CPU @ 2.60GHz (family: 0x6, model: 0x3a, stepping: 0x9)
[   17.927662] Performance Events: unsupported p6 CPU model 58 no PMU driver, software events only.
[   18.098470] KVM setup paravirtual spinlock
[   18.183557] x86: Booting SMP configuration:
[   18.269572] .... node  #0, CPUs:      #1
[   18.308784] kvm-clock: cpu 1, msr 0:3ffe3041, secondary cpu clock
[   18.342450] mce: CPU supports 0 MCE banks
[   18.391439] x86: Booted up 1 node, 2 CPUs
[   18.448020] smpboot: Total of 2 processors activated (10376.49 BogoMIPS)
[   18.544902] devtmpfs: initialized
[   18.605237] evm: security.selinux
[   18.651819] evm: security.SMACK64
[   18.672539] evm: security.SMACK64EXEC
[   18.720791] evm: security.SMACK64TRANSMUTE
[   18.783883] evm: security.SMACK64MMAP
[   18.824265] evm: security.ima
[   18.862338] evm: security.capability
[   18.900830] clocksource: jiffies: mask: 0xffffffff max_cycles: 0xffffffff, max_idle_ns: 7645041785100000 ns
[   18.978000] futex hash table entries: 512 (order: 3, 32768 bytes)
[   19.023224] pinctrl core: initialized pinctrl subsystem
[   19.076263] RTC time:  1:01:57, date: 01/06/18
[   19.145153] NET: Registered protocol family 16
[   19.176487] cpuidle: using governor ladder
[   19.208003] cpuidle: using governor menu
[   19.264855] PCCT header not found.
[   19.312507] ACPI: bus type PCI registered
[   19.351918] acpiphp: ACPI Hot Plug PCI Controller Driver version: 0.5
[   19.383250] PCI: Using configuration type 1 for base access
[   19.409116] ACPI: Added _OSI(Module Device)
[   19.463545] ACPI: Added _OSI(Processor Device)
[   19.531779] ACPI: Added _OSI(3.0 _SCP Extensions)
[   19.606929] ACPI: Added _OSI(Processor Aggregator Device)
[   19.701605] ACPI: Executed 1 blocks of module-level executable AML code
[   19.796530] ACPI: Interpreter enabled
[   19.856932] ACPI: (supports S0 S5)
[   19.904380] ACPI: Using IOAPIC for interrupt routing
[   19.973205] PCI: Using host bridge windows from ACPI; if necessary, use "pci=nocrs" and report a bug
[   20.093048] ACPI: PCI Root Bridge [PCI0] (domain 0000 [bus 00-ff])
[   20.195621] acpi PNP0A03:00: _OSC: OS supports [ASPM ClockPM Segments MSI]
[   20.292442] acpi PNP0A03:00: _OSC failed (AE_NOT_FOUND); disabling ASPM
[   20.351033] acpi PNP0A03:00: fail to add MMCONFIG information, can't access extended PCI configuration space under this bridge.
[   20.464914] PCI host bridge to bus 0000:00
[   20.517518] pci_bus 0000:00: root bus resource [io  0x0000-0x0cf7 window]
[   20.584763] pci_bus 0000:00: root bus resource [io  0x0d00-0xffff window]
[   20.587522] pci_bus 0000:00: root bus resource [mem 0x000a0000-0x000bffff window]
[   20.602719] pci_bus 0000:00: root bus resource [mem 0x40000000-0xffdfffff window]
[   20.609282] pci_bus 0000:00: root bus resource [bus 00-ff]
[   20.614821] pci 0000:00:01.1: legacy IDE quirk: reg 0x10: [io  0x01f0-0x01f7]
[   20.728264] pci 0000:00:01.1: legacy IDE quirk: reg 0x14: [io  0x03f6]
[   20.853654] pci 0000:00:01.1: legacy IDE quirk: reg 0x18: [io  0x0170-0x0177]
[   20.923759] pci 0000:00:01.1: legacy IDE quirk: reg 0x1c: [io  0x0376]
[   21.041279] ACPI: PCI Interrupt Link [LNKA] (IRQs 5 9 10 11) *0, disabled.
[   21.141859] ACPI: PCI Interrupt Link [LNKB] (IRQs 5 9 10 *11)
[   21.212341] ACPI: PCI Interrupt Link [LNKC] (IRQs 5 9 *10 11)
[   21.272357] ACPI: PCI Interrupt Link [LNKD] (IRQs 5 *9 10 11)
[   21.326403] ACPI: Enabled 2 GPEs in block 00 to 07
[   21.389077] vgaarb: setting as boot device: PCI:0000:00:02.0
[   21.467679] vgaarb: device added: PCI:0000:00:02.0,decodes=io+mem,owns=io+mem,locks=none
[   21.582884] vgaarb: loaded
[   21.635036] vgaarb: bridge control possible 0000:00:02.0
[   21.717967] SCSI subsystem initialized
[   21.758080] ACPI: bus type USB registered
[   21.781775] usbcore: registered new interface driver usbfs
[   21.792882] usbcore: registered new interface driver hub
[   21.873361] usbcore: registered new device driver usb
[   21.969037] PCI: Using ACPI for IRQ routing
[   22.048044] NetLabel: Initializing
[   22.144748] NetLabel:  domain hash size = 128
[   22.211098] NetLabel:  protocols = UNLABELED CIPSOv4
[   22.256184] NetLabel:  unlabeled traffic allowed by default
[   22.315643] amd_nb: Cannot enumerate AMD northbridges
[   22.363867] clocksource: Switched to clocksource kvm-clock
[   2.419 AArr:ppmoFisyemnaed
[ 23519]np: PnP PIni
  3.45] p:nPCP fnd dic
[   23.983489] clocksource: acpi_pm: mask: 0xffffff max_cycles: 0xffffff, max_idle_ns: 2085701024 ns
[   24.070749] NET: Registered protocol family 2
[   24.086585] TCP established hash table entries: 8192 (order: 4, 65536 bytes)
[   24.177614] TCP bind hash table entries: 8192 (order: 5, 131072 bytes)
[   24.232293] TCP: Hash tables configured (established 8192 bind 8192)
[   24.294104] UDP hash table entries: 512 (order: 2, 16384 bytes)
[   24.332096] UDP-Lite hash table entries: 512 (order: 2, 16384 bytes)
[   24.414136] NET: Registered protocol family 1
[   24.428810] pci 0000:00:00.0: Limiting direct PCI/PCI transfers
[   24.518643] pci 0000:00:01.0: Activating ISA DMA hang workarounds
[   24.600992] Unpacking initramfs...
[ 24979]renginitr mor 124

[   25.034]APPMdect, I it i 232oues3 xecountrs077424msov ter
[  26.62507 hw niofdoinp0cor 20 ul
[   27.134152] hw unit of domain package 2^-0 Joules
[   27.180813] hw unit of domain pp1-gpu 2^-0 Joules
[   7.2401]latorrtcm: giered platform RT dic(n P dvi fnd
[ 28648]canng r w mmo cruioevry0 cos
[   28.880949] audit: initializing netlink subsys (disabled)
[   28.976882] audit: type=2000 audit(1515200511.192:1): initialized
[   29.061871] Initialise system trusted keyring
[   29.153797] HugeTLB registered 2 MB page size, pre-allocated 0 pages
[   29.23356zb: ad
[  29964]FSDi qtadqt_.6.0
  9.73] tsc: Reined SC clocksource calibration: 2594.451 MHz

[   30.187614] clocksource: tsc: mask: 0xffffffffffffffff max_cycles: 0x2565c204df5, max_idle_ns: 440795266986 ns
[   30.187779] VFS: Dquot-cache hash table entries: 512 (order 0, 4096 bytes)
[   30.188043] squashfs: version 4.0 (2009/01/31) Phillip Lougher
[   30.188333] fuse init (API version 7.23)
[   30.188451] Key type big_key registered
[   30.188470] Allocating IMA MOK and blacklist keyrings.
[   30.188689] Key type asymmetric registered
[   30.188692] Asymmetric key parser 'x509' registered
[   30.188725] Block layer SCSI generic (bsg) driver version 0.4 loaded (major 249)
[   30.188781] io scheduler noop registered
[   30.188784] io scheduler deadline registered (default)
[   30.188812] io scheduler cfq registered
[   30.188894] pci_hotplug: PCI Hot Plug PCI Core version: 0.5
[   30.188899] pciehp: PCI Express Hot Plug Controller Driver version: 0.4
[   30.189035] ACPI: AC Adapter [AC] (on-line)
[   30.189085] input: Power Button as /devices/LNXSYSTM:00/LNXPWRBN:00/input/input0
[   30.189088] ACPI: Power Button [PWRF]
[   30.189159] input: Sleep Button as /devices/LNXSYSTM:00/LNXSLPBN:00/input/input1
[   30.189162] ACPI: Sleep Button [SLPF]
[   30.189329] GHES: HEST is not enabled!
[   30.189411] Serial: 8250/16550 driver, 32 ports, IRQ sharing enabled
[   30.218224] 00:02: ttyS0 at I/O 0x3f8 (irq = 4, base_baud = 115200) is a 16550A
[   30.224483] Linux agpgart interface v0.103
[   30.230583] loop: module loaded
[   30.231141] scsi host0: ata_piix
[   30.231196] scsi host1: ata_piix
[   30.231227] ata1: PATA max UDMA/33 cmd 0x1f0 ctl 0x3f6 bmdma 0xd000 irq 14
[   30.231227] ata2: PATA max UDMA/33 cmd 0x170 ctl 0x376 bmdma 0xd008 irq 15
[   30.231311] libphy: Fixed MDIO Bus: probed
[   30.231314] tun: Universal TUN/TAP device driver, 1.6
[   30.231314] tun: (C) 1999-2004 Max Krasnyansky <maxk@qualcomm.com>
[   30.231352] PPP generic driver version 2.4.2
[   30.231403] ehci_hcd: USB 2.0 'Enhanced' Host Controller (EHCI) Driver
[   30.231406] ehci-pci: EHCI PCI platform driver
[   30.231415] ehci-platform: EHCI generic platform driver
[   30.231422] ohci_hcd: USB 1.1 'Open' Host Controller (OHCI) Driver
[   30.231426] ohci-pci: OHCI PCI platform driver
[   30.231434] ohci-platform: OHCI generic platform driver
[   30.231441] uhci_hcd: USB Universal Host Controller Interface driver
[   30.231491] i8042: PNP: PS/2 Controller [PNP0303:PS2K,PNP0f03:PS2M] at 0x60,0x64 irq 1,12
[   30.232804] ACPI: Battery Slot [BAT0] (battery present)
[   30.257528] serio: i8042 KBD port at 0x60,0x64 irq 1
[   30.257536] serio: i8042 AUX port at 0x60,0x64 irq 12
[   30.257729] mousedev: PS/2 mouse device common for all mice
[   30.258207] rtc_cmos rtc_cmos: rtc core: registered rtc_cmos as rtc0
[   30.258297] rtc_cmos rtc_cmos: alarms up to one day, 114 bytes nvram
[   30.258305] i2c /dev entries driver
[   30.258376] device-mapper: uevent: version 1.0.3
[   30.258456] device-mapper: ioctl: 4.34.0-ioctl (2015-10-28) initialised: dm-devel@redhat.com
[   30.258474] ledtrig-cpu: registered to indicate activity on CPUs
[   30.258899] NET: Registered protocol family 10
[   30.259078] NET: Registered protocol family 17
[   30.259090] Key type dns_resolver registered
[   30.326410] microcode: CPU0 sig=0x306a9, pf=0x2, revision=0x19
[   30.326497] microcode: CPU1 sig=0x306a9, pf=0x2, revision=0x19
[   30.326588] microcode: Microcode Update Driver: v2.01 <tigran@aivazian.fsnet.co.uk>, Peter Oruba
[   30.326776] registered taskstats version 1
[   30.326797] Loading compiled-in X.509 certificates
[   30.327895] Loaded X.509 cert 'Build time autogenerated kernel key: 8537ad706776f532219d7336343c968b9f82f7c7'
[   30.327924] zswap: loaded using pool lzo/zbud
[   30.329620] Key type trusted registered
[   30.332998] Key type encrypted registered
[   30.333007] AppArmor: AppArmor sha1 policy hashing enabled
[   30.333011] ima: No TPM chip found, activating TPM-bypass!
[   30.333039] evm: HMAC attrs: 0x1
[   30.333459]   Magic number: 2:482:2
[   30.397732] rtc_cmos rtc_cmos: setting system clock to 2018-01-06 01:02:09 UTC (1515200529)
[   30.397877] BIOS EDD facility v0.16 2004-Jun-25, 0 devices found
[   30.397878] EDD information not available.
[   30.760839] input: AT Translated Set 2 keyboard as /devices/platform/i8042/serio0/input/input2
[   33.824231] Freeing unused kernel memory: 1492K
[   33.882068] Write protecting the kernel read-only data: 14336k
[   33.891451] Freeing unused kernel memory: 1744K
[   33.924595] Freeing unused kernel memory: 108K
Loading, please [   34.001832] random: systemd-udevd: uninitialized urandom read (16 bytes read, 4 bits of entropy available)
wait...
startin[   34.002629] random: udevadm: uninitialized urandom read (16 bytes read, 4 bits of entropy available)
g version 229
[   34.002659] random: udevadm: uninitialized urandom read (16 bytes read, 4 bits of entropy available)
[   34.012680] random: udevadm: uninitialized urandom read (16 bytes read, 4 bits of entropy available)
[   34.012750] random: udevadm: uninitialized urandom read (16 bytes read, 4 bits of entropy available)
[   34.012909] random: udevadm: uninitialized urandom read (16 bytes read, 4 bits of entropy available)
[   34.012970] random: udevadm: uninitialized urandom read (16 bytes read, 4 bits of entropy available)
[   34.013028] random: udevadm: uninitialized urandom read (16 bytes read, 4 bits of entropy available)
[   34.013089] random: udevadm: uninitialized urandom read (16 bytes read, 4 bits of entropy available)
[   34.013150] random: udevadm: uninitialized urandom read (16 bytes read, 4 bits of entropy available)
[   35.095974] Fusion MPT base driver 3.04.20
[   35.178843] Copyright (c) 1999-2008 LSI Corporation
[   35.227170] e1000: Intel(R) PRO/1000 Network Driver - version 7.3.21-k8-NAPI
[   35.317113] e1000: Copyright (c) 1999-2006 Intel Corporation.
[   35.407979] AVX version of gcm_enc/dec engaged.
[   35.461812] AES CTR mode by8 optimization enabled
[   35.585787] input: ImExPS/2 Generic Explorer Mouse as /devices/platform/i8042/serio1/input/input4
[   35.596984] Fusion MPT SPI Host driver 3.04.20
[   35.802056] e1000 0000:00:03.0 eth0: (PCI:33MHz:32-bit) 02:53:17:3c:de:80
[   35.802061] e1000 0000:00:03.0 eth0: Intel(R) PRO/1000 Network Connection
[   35.802757] mptbase: ioc0: Initiating bringup
[   35.864284] ioc0: LSI53C1030 A0: Capabilities={Initiator}
[   36.252341] scsi host2: ioc0: LSI53C1030 A0, FwRev=00000000h, Ports=1, MaxQ=256, IRQ=20
[   36.429085] scsi 2:0:0:0: Direct-Access     VBOX     HARDDISK         1.0  PQ: 0 ANSI: 5
[   36.599714] scsi target2:0:0: Beginning Domain Validation
[   36.694725] scsi target2:0:0: Domain Validation skipping write tests
[   36.794106] scsi target2:0:0: Ending Domain Validation
[   36.888229] scsi target2:0:0: asynchronous
[   36.892463] scsi 2:0:1:0: Direct-Access     VBOX     HARDDISK         1.0  PQ: 0 ANSI: 5
[   36.897837] scsi target2:0:1: Beginning Domain Validation
[   36.908047] scsi target2:0:1: Domain Validation skipping write tests
[   36.911358] scsi target2:0:1: Ending Domain Validation
[   36.929652] scsi target2:0:1: asynchronous
[   37.013111] sd 2:0:0:0: Attached scsi generic sg0 type 0
[   37.122151] sd 2:0:0:0: [sda] 20971520 512-byte logical blocks: (10.7 GB/10.0 GiB)
[   37.237101] sd 2:0:1:0: Attached scsi generic sg1 type 0
[   37.237405] sd 2:0:0:0: [sda] Write Protect is off
[   37.237488] sd 2:0:0:0: [sda] Incomplete mode parameter data
[   37.237489] sd 2:0:0:0: [sda] Assuming drive cache: write through
[   37.238356]  sda: sda1
[   37.238937] sd 2:0:0:0: [sda] Attached SCSI disk
[   37.325932] sd 2:0:1:0: [sdb] 20480 512-byte logical blocks: (10.5 MB/10.0 MiB)
[   37.333600] e1000 0000:00:08.0 eth1: (PCI:33MHz:32-bit) 08:00:27:8d:7d:6d
[   37.333604] e1000 0000:00:08.0 eth1: Intel(R) PRO/1000 Network Connection
[   37.333611] sd 2:0:1:0: [sdb] Write Protect is off
[   37.527181] sd 2:0:1:0: [sdb] Incomplete mode parameter data
[   37.527183] sd 2:0:1:0: [sdb] Assuming drive cache: write through
[   37.552909] e1000 0000:00:08.0 enp0s8: renamed from eth1
[   37.561972] sd 2:0:1:0: [sdb] Attached SCSI disk
[   38.040443] e1000 0000:00:03.0 enp0s3: renamed from eth0
[   38.620883] floppy0: no floppy controllers found
Begin: Loading e[   40.108177] md: linear personality registered for level -1
ssential drivers[   40.247873] md: multipath personality registered for level -4
 ... [   40.372707] md: raid0 personality registered for level 0
[   40.463281] md: raid1 personality registered for level 1
[   40.600059] raid6: sse2x1   gen()  7890 MB/s
[   40.700104] raid6: sse2x1   xor()  6282 MB/s
[   40.796056] raid6: sse2x2   gen()  9833 MB/s
[   40.912067] raid6: sse2x2   xor()  6761 MB/s
[   41.052113] raid6: sse2x4   gen() 11459 MB/s
[   41.160137] raid6: sse2x4   xor()  6243 MB/s
[   41.215035] raid6: using algorithm sse2x4 gen() 11459 MB/s
[   41.268117] raid6: .... xor() 6243 MB/s, rmw enabled
[   41.303542] raid6: using ssse3x2 recovery algorithm
[   41.388382] xor: automatically using best checksumming function:
[   41.520138]    avx       : 18625.000 MB/sec
[   41.585418] async_tx: api initialized (async)
[   41.680412] md: raid6 personality registered for level 6
[   41.784640] md: raid5 personality registered for level 5
[   41.825651] md: raid4 personality registered for level 4
[   41.939579] md: raid10 personality registered for level 10
done.
Begin: Running /scripts/init-p[   42.058590] Btrfs loaded
remount ... done.
Begin: Mounting root file system ... Begin: R[   42.124104] EXT4-fs (sda1): INFO: recovery required on readonly filesystem
unning /scripts/[   42.208903] EXT4-fs (sda1): write access will be enabled during recovery
local-top ... done.
Begin: Running /scripts/local-premount ... Scanning for Btrfs filesystems
done.
Warning: [   42.379062] EXT4-fs (sda1): orphan cleanup on readonly fs
[   43.165731] EXT4-fs (sda1): 6 orphan inodes deleted
fsck not present[   44.266553] EXT4-fs (sda1): recovery complete
, so skipping ro[   44.364167] EXT4-fs (sda1): mounted filesystem with ordered data mode. Opts: (null)
ot file system
done.
Begin: Running /scripts/local-bottom ... done.
Begin: Running /scripts/init-bottom ... done.
[   44.648676] systemd[1]: systemd 229 running in system mode. (+PAM +AUDIT +SELINUX +IMA +APPARMOR +SMACK +SYSVINIT +UTMP +LIBCRYPTSETUP +GCRYPT +GNUTLS +ACL +XZ -LZ4 +SECCOMP +BLKID +ELFUTILS +KMOD -IDN)
[   44.694843] systemd[1]: Detected virtualization oracle.
[   44.749381] systemd[1]: Detected architecture x86-64.

Welcome to [1mUbuntu 16.04.3 LTS[0m!

[   44.841712] systemd[1]: Set hostname to <ubuntu-xenial>.
[   44.986182] random: nonblocking pool is initialized
[   75.532403] mptscsih: ioc0: attempting task abort! (sc=ffff88003e3ade00)
[   75.652384] sd 2:0:0:0: [sda] tag#3 CDB: Read(10) 28 00 00 07 3b f8 00 00 88 00
[   75.868360] mptscsih: ioc0: task abort: FAILED (rv=2003) (sc=ffff88003e3ade00)
[ 759211 msch:oc: attemptingart se (=ffff88003e3ade)
[ 76995]d :0:0:0: sd t#3DB:Red()  00007 3b f8 00 00 88 00
[ 77042]ptssi ic0 tget retSUCESS (c=ff80e3de)
[   78.328908] systemd[1]: Listening on Device-mapper event daemon FIFOs.
[[0;32m  OK  [0m] Listening on Device-mapper event daemon FIFOs.
[   78.493136] systemd[1]: Listening on udev Kernel Socket.
[[0;32m  OK  [0m] Listening on udev Kernel Socket.
[   78.640704] systemd[1]: Listening on Journal Socket.
[[0;32m  OK  [0m] Listening on Journal Socket.
[   78.781967] systemd[1]: Listening on Journal Socket (/dev/log).
[[0;32m  OK  [0m] Listening on Journal Socket (/dev/log).
[   78.920882] systemd[1]: Set up automount Arbitrary Executable File Formats File System Automount Point.
[[0;32m  OK  [0m] Set up automount Arbitrary Executab...ats File System Automount Point.
[   79.165237] systemd[1]: Listening on Syslog Socket.
[[0;32m  OK  [0m] Listening on Syslog Socket.
[   79.283855] systemd[1]: Created slice User and Session Slice.
[[0;32m  OK  [0m] Created slice User and Session Slice.
[   79.412474] systemd[1]: Listening on LVM2 metadata daemon socket.
[[0;32m  OK  [0m] Listening on LVM2 metadata daemon socket.
[   79.548708] systemd[1]: Reached target Swap.
[[0;32m  OK  [0m] Reached target Swap.
[   79.680394] systemd[1]: Reached target Encrypted Volumes.
[[0;32m  OK  [0m] Reached target Encrypted Volumes.
[   79.713281] systemd[1]: Created slice System Slice.
[[0;32m  OK  [0m] Created slice System Slice.
[   79.832759] systemd[1]: Reached target Slices.
[[0;32m  OK  [0m] Reached target Slices.
[   79.964616] systemd[1]: Starting Set console keymap...
         Starting Set console keymap...
[   80.080357] systemd[1]: Starting Nameserver information manager...
         Starting Nameserver information manager...
[   80.260514] systemd[1]: Mounting Huge Pages File System...
         Mounting Huge Pages File System...
[   80.396666] systemd[1]: Starting Load Kernel Modules...
         Starting Load Kernel Mo[   80.418498] Loading iSCSI transport class v2.0-870.
dules...
[   80.495590] systemd[1]: Starting Uncomplicated firewall...
         Startin[   80.509657] iscsi: registered transport (tcp)
g Uncomplicated firewall...
[   80.604355] systemd[1]: Listening on LVM2 poll daemon socket.
[[0;32m  OK  [[   80.674403] iscsi: registered transport (iser)
0m] Listening on LVM2 poll daemon socket.
[   80.856226] systemd[1]: Starting Remount Root and Kernel File Systems...
[   80.863495] EXT4-fs (sda1): re-mounted. Opts: (null)
         Starting Remount Root and Kernel File Systems...
[   81.077489] systemd[1]: Started Forward Password Requests to Wall Directory Watch.
[[0;32m  OK  [0m] Started Forward Password Requests to Wall Directory Watch.
[   81.313037] systemd[1]: Listening on /dev/initctl Compatibility Named Pipe.
[[0;32m  OK  [0m] Listening on /dev/initctl Compatibility Named Pipe.
[   81.548512] systemd[1]: Reached target User and Group Name Lookups.
[[0;32m  OK  [0m] Reached target User and Group Name Lookups.
[   81.714155] systemd[1]: Starting Monitoring of LVM2 mirrors, snapshots etc. using dmeventd or progress polling...
         Starting Monitoring of LVM2 mirrors... dmeventd or progress polling...
[   81.726119] systemd[1]: Listening on udev Control Socket.
[[0;32m  OK  [0m] Listening on udev Control Socket.
[   81.733652] systemd[1]: Mounting Debug File System...
         Mounting Debug File System...
[   81.785077] systemd[1]: Created slice system-serial\x2dgetty.slice.
[[0;32m  OK  [0m] Created slice system-serial\x2dgetty.slice.
[   81.948815] systemd[1]: Mounting POSIX Message Queue File System...
         Mounting POSIX Message Queue File System...
[   82.144377] systemd[1]: Starting Create list of required static device nodes for the current kernel...
         Starting Create list of required st... nodes for the current kernel...
[   82.345313] systemd[1]: Started Trigger resolvconf update for networkd DNS.
[[0;32m  OK  [0m] Started Trigger resolvconf update for networkd DNS.
[   82.545315] systemd[1]: Listening on Journal Audit Socket.
[[0;32m  OK  [0m] Listening on Journal Audit Socket.
[   82.744463] systemd[1]: Starting Journal Service...
         Starting Journal Service...
[   82.905912] systemd[1]: Mounted Huge Pages File System.
[[0;32m  OK  [0m] Mounted Huge Pages File System.
[   83.020417] systemd[1]: Mounted Debug File System.
[[0;32m  OK  [0m] Mounted Debug File System.
[   83.156728] systemd[1]: Mounted POSIX Message Queue File System.
[[0;32m  OK  [0m] Mounted POSIX Message Queue File System.
[   83.280526] systemd[1]: Started Journal Service.
[[0;32m  OK  [0m] Started Journal Service.
[[0;32m  OK  [0m] Started Set console keymap.
[[0;32m  OK  [0m] Started Load Kernel Modules.
[[0;32m  OK  [0m] Started Uncomplicated firewall.
[[0;32m  OK  [0m] Started Remount Root and Kernel File Systems.
[[0;32m  OK  [0m] Started Create list of required sta...ce nodes for the current kernel.
[[0;32m  OK  [0m] Started Nameserver information manager.
[[0;32m  OK  [0m] Started LVM2 metadata daemon.
         Starting Create Static Device Nodes in /dev...
         Starting udev Coldplug all Devices...
         Starting Initial cloud-init job (pre-networking)...
         Starting Load/Save Random Seed...
         Starting Apply Kernel Variables...
         Mounting FUSE Control File System...
         Starting Flush Journal to Persistent Storage...
[[0;32m  OK  [0m] Mounted FUSE Control File System.
[[0;32m  OK  [0m] Started Monitoring of LVM2 mirrors,...ng dmeventd or progress polling.
[[0;32m  OK  [0m] Started Create Static Device Nodes in /dev.
[[0;32m  OK  [0m] Started Load/Save Random Seed.
[[0;32m  OK  [0m] Started Apply Kernel Variables.
[[0;32m  OK  [0m] Started udev Coldplug all Devices.
[[0;32m  OK  [0m] Started Flush Journal to Persistent Storage.
         Starting udev Kernel Device Manager...
[[0;32m  OK  [0m] Started udev Kernel Device Manager.
[[0;32m  OK  [0m] Started Dispatch Password Requests to Console Directory Watch.
[[0;32m  OK  [0m] Reached target Local File Systems (Pre).
[[0;32m  OK  [0m] Reached target Local File Systems.
         Starting Create Volatile Files and Directories...
         Starting LSB: AppArmor initialization...
         Starting Tell Plymouth To Write Out Runtime Data...
         Starting Set console font and keymap...
[   63.633705] cloud-init[449]: Cloud-init v. 0.7.9 running 'init-local' at Sat, 06 Jan 2018 01:03:03 +0000. Up 63.12 seconds.
[[0;32m  OK  [0m] Started Create Volatile Files and Directories.
[[0;32m  OK  [0m] Started Tell Plymouth To Write Out Runtime Data.
[[0;32m  OK  [0m] Started Initial cloud-init job (pre-networking).
[[0;32m  OK  [0m] Found device /dev/ttyS0.
[[0;32m  OK  [0m] Started LSB: AppArmor initialization.
[[0;32m  OK  [0m] Started Set console font and keymap.
[[0;32m  OK  [0m] Listening on Load/Save RF Kill Switch Status /dev/rfkill Watch.
[[0;32m  OK  [0m] Created slice system-getty.slice.
[[0;32m  OK  [0m] Reached target Network (Pre).
[[0;32m  OK  [0m] Started ifup for enp0s3.
         Starting Raise network interfaces...
[[0;32m  OK  [0m] Started ifup for enp0s8.
         Starting Update UTMP about System Boot/Shutdown...
[[0;32m  OK  [0m] Reached target System Time Synchronized.
[[0;32m  OK  [0m] Started Update UTMP about System Boot/Shutdown.
[[0;32m  OK  [0m] Started Raise network interfaces.
[[0;32m  OK  [0m] Reached target Network.
         Starting Initial cloud-init job (metadata service crawler)...
[   67.130353] cloud-init[1048]: Cloud-init v. 0.7.9 running 'init' at Sat, 06 Jan 2018 01:03:07 +0000. Up 66.80 seconds.
[   67.217734] cloud-init[1048]: ci-info: ++++++++++++++++++++++++++++++++++++++Net device info++++++++++++++++++++++++++++++++++++++
[   67.222487] cloud-init[1048]: ci-info: +--------+------+-----------------------------+---------------+-------+-------------------+
[   67.229203] [cloud-init[0;32m  OK  [0m[1048]: ] ci-info: | Device |  Up  |           Address           |      Mask     | Scope |     Hw-Address    |Started Initial cloud-init job (metadata service crawler).

[   67.229791] cloud-init[1048]: ci-info: +--------+------+-----------------------------+---------------+-------+-------------------+
[[0;32m  OK  [0m] Reached target Network is Online.
[   67.623795] cloud-init[1048]: ci-info: | enp0s3 | True |          10.0.2.15          | 255.255.255.0 |   .   | 02:53:17:3c:de:80 |
[   67.793078] cloud-init[1048]: ci-info: | enp0s3 | True |  fe80::53:17ff:fe3c:de80/64 |       .       |  link | 02:53:17:3c:de:80 |
         Starting iSCSI initiator daemon (iscsid)...
[[0;32m  OK  [0m] Reached target Cloud-config availability.
[   67.937158] cloud-init[1048]: ci-info: | enp0s8 | True |       192.168.195.150       | 255.255.255.0 |   .   | 08:00:27:8d:7d:6d |
[   68.136687] cloud-init[1048]: ci-info: | enp0s8 | True | fe80::a00:27ff:fe8d:7d6d/64 |       .       |  link | 08:00:27:8d:7d:6d |
[[0;32m  OK  [0m] Reached target System Initialization.
[[0;32m  OK  [0m] Listening on D-Bus System Message Bus Socket.
[   68.310047] cloud-init[1048]: ci-info: |   lo   | True |          127.0.0.1          |   255.0.0.0   |   .   |         .         |
[   68.381723] cloud-init[1048]: ci-info: |   lo   | True |           ::1/128           |       .       |  host |         .         |
[   68.393274] cloud-init[1048]: ci-info: +--------+------+-----------------------------+---------------+-------+-------------------+
[   68.398500] cloud-init[1048]: ci-info: ++++++++++++++++++++++++++++Route IPv4 info+++++++++++++++++++++++++++++
[   68.460998] [cloud-init[0;32m  OK  [0m[1048]: ] ci-info: +-------+---------------+----------+---------------+-----------+-------+Started Timer to automatically refresh installed snaps.

         [   68.643266] Starting LXD - unix socket.cloud-init
[1048]: ci-info: | Route |  Destination  | Gateway  |    Genmask    | Interface | Flags |
[   68.791563] [cloud-init[0;32m  OK  [0m[1048]: ] ci-info: +-------+---------------+----------+---------------+-----------+-------+Started Daily apt download activities.

[   68.792053] cloud-init[1048]: ci-info: |   0   |    0.0.0.0    | 10.0.2.2 |    0.0.0.0    |   enp0s3  |   UG  |
[   68.949098] [cloud-init[0;32m  OK  [0m[1048]: ] ci-info: |   1   |    10.0.2.0   | 0.0.0.0  | 255.255.255.0 |   enp0s3  |   U   |Started ACPI Events Check.

[[0;32m  OK  [0m] Reached target Paths.
[[0;32m  OK  [0m] Started Daily Cleanup of Temporary Directories.
[[0;32m  OK  [0m] Listening on ACPID Listen Socket.
[   68.949411] cloud-init[1048]: ci-info: |   2   | 192.168.195.0 | 0.0.0.0  | 255.255.255.0 |   enp0s8  |   U   |
[   69.101191] [cloud-init[0;32m  OK  [0m[1048]: ] ci-info: +-------+---------------+----------+---------------+-----------+-------+Started Daily apt upgrade and clean activities.

[[0;32m  OK  [0m] Reached target Timers.
         Starting Socket activation for snappy daemon.
[[0;32m  OK  [0m] Listening on UUID daemon activation socket.
[[0;32m  OK  [0m] Listening on LXD - unix socket.
[[0;32m  OK  [0m] Listening on Socket activation for snappy daemon.
[[0;32m  OK  [0m] Started iSCSI initiator daemon (iscsid).
         Starting Login to default iSCSI targets...
[[0;32m  OK  [0m] Reached target Sockets.
[[0;32m  OK  [0m] Reached target Basic System.
         Starting Accounts Service...
         Starting Snappy daemon...
[[0;32m  OK  [0m] Started ACPI event daemon.
         Starting A high performance web server and a reverse proxy server...
         Starting LXD - container startup/shutdown...
         Starting The PHP 7.0 FastCGI Process Manager...
         Starting /etc/rc.local Compatibility...
         Starting MySQL Community Server...
[[0;32m  OK  [0m] Started Deferred execution scheduler.
         Starting Login Service...
[[0;32m  OK  [0m] Started Regular background program processing daemon.
         Starting Apply the settings specified in cloud-config...
[[0;32m  OK  [0m] Started D-Bus System Message Bus.
         Starting OpenBSD Secure Shell server...
         Starting System Logging Service...
         Starting LSB: MD monitoring daemon...
[[0;32m  OK  [0m] Started FUSE filesystem for LXC.
         Starting LSB: Record successful boot for GRUB...
[[0;32m  OK  [0m] Started Unattended Upgrades Shutdown.
[[0;32m  OK  [0m] Started Snappy daemon.
[[0;32m  OK  [0m] Started OpenBSD Secure Shell server.
[[0;32m  OK  [0m] Started System Logging Service.
[   71.333897] cloud-init[1157]: Cloud-init v. 0.7.9 running 'modules:config' at Sat, 06 Jan 2018 01:03:11 +0000. Up 71.16 seconds.
[[0;32m  OK  [0m] Started LXD - container startup/shutdown.
[[0;32m  OK  [0m] Started /etc/rc.local Compatibility.
[[0;32m  OK  [0m] Started Apply the settings specified in cloud-config.
[[0;32m  OK  [0m] Started A high performance web server and a reverse proxy server.
[[0;32m  OK  [0m] Started The PHP 7.0 FastCGI Process Manager.
[[0;32m  OK  [0m] Started Login to default iSCSI targets.
[[0;32m  OK  [0m] Started LSB: MD monitoring daemon.
[[0;32m  OK  [0m] Started LSB: Record successful boot for GRUB.
[[0;32m  OK  [0m] Started Login Service.
         Starting Authenticate and Authorize Users to Run Privileged Tasks...
[[0;32m  OK  [0m] Reached target Remote File Systems (Pre).
[[0;32m  OK  [0m] Reached target Remote File Systems.
         Starting Permit User Sessions...
         Starting LSB: Set the CPU Frequency Scaling governor to "ondemand"...
         Starting LSB: automatic crash report generation...
         Starting LSB: daemon to balance interrupts for SMP systems...
         Starting LSB: VirtualBox Linux Additions...
[[0;32m  OK  [0m] Started MySQL Community Server.
[[0;32m  OK  [0m] Started Permit User Sessions.
[[0;32m  OK  [0m] Started Authenticate and Authorize Users to Run Privileged Tasks.
[[0;32m  OK  [0m] Started Accounts Service.
[[0;32m  OK  [0m] Started LSB: Set the CPU Frequency Scaling governor to "ondemand".
[[0;32m  OK  [0m] Started LSB: automatic crash report generation.
[[0;32m  OK  [0m] Created slice User Slice of ubuntu.
[[0;32m  OK  [0m] Started Session 1 of user ubuntu.
         Starting User Manager for UID 1000...
         Starting Terminate Plymouth Boot Screen...
         Starting Hold until boot process finishes up...
[[0;32m  OK  [0m] Started User Manager for UID 1000.
[[0;32m  OK  [0m] Started LSB: daemon to balance interrupts for SMP systems.
[[0;32m  OK  [0m] Started LSB: VirtualBox Linux Additions.
[[0;32m  OK  [0m] Started Terminate Plymouth Boot Screen.
[[0;32m  OK  [0m] Started Hold until boot process finishes up.
         Starting Set console scheme...
[[0;32m  OK  [0m] Started Getty on tty1.
[[0;32m  OK  [0m] Started Serial Getty on ttyS0.
[[0;32m  OK  [0m] Reached target Login Prompts.
[[0;32m  OK  [0m] Reached target Multi-User System.
[[0;32m  OK  [0m] Reached target Graphical Interface.
         Starting Execute cloud user/final scripts...
         Starting Update UTMP about System Runlevel Changes...
[[0;32m  OK  [0m] Started Set console scheme.
[[0;32m  OK  [0m] Started Update UTMP about System Runlevel Changes.
[   74.629178] cloud-init[1360]: Cloud-init v. 0.7.9 running 'modules:final' at Sat, 06 Jan 2018 01:03:15 +0000. Up 74.41 seconds.
[[0;32m  OK  [0m] Started Execute cloud user/final scripts.
[[0;32m  OK  [0m] Reached target Cloud-init target.
[   74.736424] cloud-init[1360]: Cloud-init v. 0.7.9 finished at Sat, 06 Jan 2018 01:03:15 +0000. Datasource DataSourceNoCloud [seed=/dev/sdb][dsmode=net].  Up 74.61 seconds

Ubuntu 16.04.3 LTS ubuntu-xenial ttyS0

ubuntu-xenial login: 